2023-07-26 16:21:31,463 - ERROR insert_checkbox Encountered error
2023-07-26 16:23:53,659 - ERROR insert_checkbox Encountered error
2023-07-26 17:39:08,813 - ERROR get_data_from_table Encountered error
2023-07-26 17:39:12,985 - ERROR get_data_from_table Encountered error
2023-07-26 17:50:21,622 - ERROR get_data_from_table Encountered error
2023-07-26 17:54:48,240 - ERROR get_data_from_table Encountered error
2023-07-26 17:54:49,445 - ERROR get_data_from_table Encountered error
2023-07-26 17:54:49,611 - ERROR get_data_from_table Encountered error
2023-07-26 17:54:49,747 - ERROR get_data_from_table Encountered error
2023-07-26 17:54:49,884 - ERROR get_data_from_table Encountered error
2023-07-26 17:55:38,288 - ERROR get_data_from_table Encountered error
2023-07-26 17:55:40,585 - ERROR get_data_from_table Encountered error
2023-07-26 17:55:41,886 - ERROR get_data_from_table Encountered error
2023-07-26 17:55:42,037 - ERROR get_data_from_table Encountered error
2023-07-26 17:55:42,179 - ERROR get_data_from_table Encountered error
2023-07-27 10:35:14,885 - ERROR show_user Encountered error
2023-07-27 12:29:46,531 - ERROR plate_action Encountered error
2023-07-27 12:29:56,034 - ERROR plate_action Encountered error
2023-07-27 12:31:34,728 - ERROR plate_action Encountered error
2023-07-27 13:42:46,433 - ERROR get_data_from_table Encountered error
2023-07-27 13:43:17,637 - ERROR get_data_from_table Encountered error
2023-07-27 13:43:21,429 - ERROR get_data_from_table Encountered error
2023-07-27 13:43:24,392 - ERROR get_data_from_table Encountered error
2023-07-27 13:43:25,109 - ERROR get_data_from_table Encountered error
2023-07-27 14:01:58,119 - DEBUG Lock_the_column called
2023-07-27 14:01:58,120 - DEBUG Lock_the_column called
2023-07-27 14:01:58,120 - DEBUG Lock_the_column called
2023-07-27 14:03:47,726 - DEBUG Lock_the_column called
2023-07-27 14:03:47,728 - DEBUG Lock_the_column called
2023-07-27 14:03:47,728 - DEBUG Lock_the_column called
2023-08-01 16:48:45,315 - ERROR login Encountered error
2023-08-01 16:48:46,550 - ERROR login Encountered error
2023-08-01 16:48:46,995 - ERROR login Encountered error
2023-08-01 16:48:47,111 - ERROR login Encountered error
2023-08-01 16:48:47,260 - ERROR login Encountered error
2023-08-01 16:48:47,418 - ERROR login Encountered error
2023-08-01 16:49:19,797 - ERROR login Encountered error
2023-08-01 16:49:19,946 - ERROR login Encountered error
2023-08-01 16:49:20,507 - ERROR login Encountered error
2023-08-01 16:49:23,845 - ERROR login Encountered error
2023-08-01 16:49:25,176 - ERROR login Encountered error
2023-08-01 16:49:27,455 - ERROR login Encountered error
2023-08-01 17:23:41,604 - ERROR 'show_user' in 'UI_Info_Editor_function' Encountered error
2023-08-01 17:26:39,234 - ERROR 'show_user' in 'UI_Info_Editor_function' Encountered error
2023-08-01 17:28:17,708 - ERROR 'show_user' in 'UI_Info_Editor_function' Encountered error
2023-08-01 17:29:09,735 - ERROR 'show_user' in 'UI_Info_Editor_function' Encountered error
2023-08-01 17:29:32,727 - ERROR 'show_user' in 'UI_Info_Editor_function' Encountered error
2023-08-01 17:29:55,915 - ERROR 'show_user' in 'UI_Info_Editor_function' Encountered error
2023-08-01 17:30:26,155 - ERROR 'show_user' in 'UI_Info_Editor_function' Encountered error
2023-08-01 17:30:42,104 - ERROR 'show_user' in 'UI_Info_Editor_function' Encountered error
2023-08-02 09:17:36,378 - ERROR insert_data_into_table Encountered error
2023-08-02 09:20:00,233 - ERROR show_user Encountered error
2023-08-02 09:20:23,833 - ERROR open_Concentrate_Advance_window Encountered error
2023-08-02 09:20:59,999 - ERROR show_user Encountered error
2023-08-02 09:21:26,905 - ERROR open_Concentrate_Advance_window Encountered error
2023-08-02 09:42:19,446 - ERROR show_login_history Encountered error
2023-08-02 09:50:58,899 - ERROR lock_the_Column Encountered error
2023-08-02 09:55:17,721 - ERROR lock_the_Column Encountered error
2023-08-02 10:07:44,181 - ERROR lock_the_Column Encountered error
2023-08-02 10:57:56,757 - ERROR show_plate_info Encountered error
2023-08-02 11:21:30,882 - ERROR get_data_from_table Encountered error
2023-08-02 11:21:33,263 - ERROR get_data_from_table Encountered error
2023-08-02 11:21:34,930 - ERROR get_data_from_table Encountered error
2023-08-02 11:21:36,977 - ERROR get_data_from_table Encountered error
2023-08-02 11:21:40,452 - ERROR get_data_from_table Encountered error
2023-08-02 11:21:42,746 - ERROR get_data_from_table Encountered error
2023-08-02 11:21:46,061 - ERROR get_data_from_table Encountered error
2023-08-02 12:52:40,730 - ERROR show_plate_info Encountered error
2023-08-02 12:53:14,693 - ERROR show_plate_info Encountered error
2023-08-02 12:54:03,368 - ERROR show_plate_info Encountered error
2023-08-02 13:03:06,158 - ERROR show_plate_info Encountered error
2023-08-02 13:10:21,896 - ERROR show_plate_info Encountered error
2023-08-02 13:22:26,925 - ERROR show_plate_info Encountered error
2023-08-02 13:28:37,491 - ERROR show_plate_info Encountered error
2023-08-02 13:30:18,575 - ERROR show_plate_info Encountered error
2023-08-02 13:31:33,988 - ERROR show_plate_info Encountered error
2023-08-02 13:34:33,023 - ERROR show_plate_info Encountered error
2023-08-02 13:38:49,179 - ERROR show_plate_info Encountered error
2023-08-02 13:58:01,717 - ERROR show_plate_info Encountered error
2023-08-02 13:58:58,803 - ERROR plate_action Encountered error
2023-08-02 13:59:07,036 - ERROR plate_action Encountered error
2023-08-02 13:59:13,226 - ERROR plate_action Encountered error
2023-08-02 13:59:26,158 - ERROR plate_action Encountered error
2023-08-02 13:59:50,233 - ERROR plate_action Encountered error
2023-08-02 14:00:32,390 - ERROR plate_action Encountered error
2023-08-02 14:00:49,813 - ERROR plate_action Encountered error
2023-08-02 14:03:31,789 - ERROR plate_action Encountered error
2023-08-02 14:06:58,444 - ERROR plate_action Encountered error
2023-08-02 14:07:06,730 - ERROR plate_action Encountered error
2023-08-02 14:07:14,665 - ERROR plate_action Encountered error
2023-08-02 14:07:29,802 - ERROR plate_action Encountered error
2023-08-02 14:09:38,984 - ERROR plate_action Encountered error
2023-08-02 14:10:01,435 - ERROR plate_action Encountered error
