2023-07-20 17:54:18,906 - INFO User with ID: 'Dummy31' has been deleted!
2023-07-20 17:54:24,893 - INFO User with ID: 'Dummy31' has been added.
2023-07-20 17:54:50,581 - INFO USER ID: 'Dummy31's password has been edited.
2023-07-20 17:54:50,581 - INFO USER ID: 'Dummy31's permission has been edited from 'ADMIN' to 'USER'.
2023-07-20 17:54:50,581 - INFO USER ID: 'Dummy31's name has been edited from 'asdf' to 'DMy31'.
2023-07-20 17:54:50,581 - INFO USER ID: 'Dummy31's gender has been edited from 'MALE' to 'FEMALE'.
2023-07-25 09:50:13,644 - INFO USER ID: 1's name has been edited from 'Test' to 'Test Account'.
2023-07-25 12:01:58,052 - INFO User with ID: '1' has been deleted!
2023-07-25 12:01:58,086 - INFO User with ID: 'Dummy1' has been deleted!
2023-07-25 12:01:58,118 - INFO User with ID: 'Dummy2' has been deleted!
2023-07-25 12:01:58,151 - INFO User with ID: 'Dummy3' has been deleted!
2023-07-26 14:43:12,298 - INFO USER ID: 'Dummy7's permission has been edited from 'ADMIN' to 'USER'.
2023-07-26 14:43:12,298 - INFO USER ID: 'Dummy7's gender has been edited from 'FEMALE' to 'MALE'.
2023-07-26 14:43:12,298 - INFO USER ID: 'Dummy8's name has been edited from '1' to 'asdf'.
2023-07-26 14:43:12,298 - INFO USER ID: 'Dummy9's password has been edited.
2023-07-26 14:43:12,298 - INFO USER ID: 'Dummy9's permission has been edited from 'ADMIN' to 'USER'.
2023-07-26 14:43:12,298 - INFO USER ID: 'Dummy0's name has been edited from 'defegegehe' to 'zxvxzcvxzcv'.
2023-07-26 15:14:34,784 - INFO User with ID: 'aaaa' has been added.
2023-07-26 15:14:51,367 - INFO USER ID: 'aaaa's password has been edited.
2023-07-26 15:14:56,467 - INFO USER ID: 'aaaa's password has been edited.
2023-07-26 15:57:29,166 - INFO User with ID: 'DDummy' has been added.
2023-07-26 16:26:14,881 - INFO User with ID: 'Dummy1' has been deleted!
2023-07-26 16:26:14,942 - INFO User with ID: 'Dummy10' has been deleted!
2023-07-26 16:26:15,007 - INFO User with ID: 'Dummy2' has been deleted!
2023-07-26 16:26:15,067 - INFO User with ID: 'Dummy3' has been deleted!
2023-07-26 16:42:34,532 - INFO USER ID: 'Dummy6's permission has been edited from 'USER' to 'ADMIN'.
2023-07-26 16:42:34,533 - INFO USER ID: 'Dummy6's name has been edited from 'dmy' to 'sdf'.
2023-07-26 17:12:34,084 - INFO User with ID: 'Dummy6' has been deleted!
2023-07-26 17:34:14,016 - INFO User with ID: 'aaav' has been added.
2023-07-26 17:59:31,840 - INFO USER ID: 'aaaa's name has been edited from 'bbbb' to 'bbbbccc'.
2023-07-26 18:00:44,945 - INFO USER ID: 'aaaa's name has been edited from 'bbbbccc' to 'vcx'.
2023-07-26 18:00:49,127 - INFO USER ID: 'aaaa's name has been edited from 'vcx' to 'afsd'.
2023-07-26 18:00:55,181 - INFO USER ID: 'aaaa's gender has been edited from 'MALE' to 'FEMALE'.
2023-07-26 18:01:18,436 - INFO USER ID: 'aaaa's name has been edited from 'afsd' to 'rqew'.
2023-07-26 18:01:29,732 - INFO USER ID: 'aaaa's password has been edited.
2023-07-26 18:01:33,576 - INFO USER ID: 'aaaa's password has been edited.
2023-07-27 13:37:55,250 - INFO USER ID: 'aaaa's password has been edited.
2023-07-27 13:38:00,924 - INFO USER ID: 'aaaa's permission has been edited from 'ADMIN' to 'd'.
2023-07-27 13:40:03,677 - INFO USER ID: 'Dummy0's permission has been edited from 'ADMIN' to 'cc'.
2023-07-27 13:44:14,732 - INFO USER ID: 'Dummy9's password has been edited.
2023-07-27 13:44:38,174 - INFO USER ID: 'Dummy8's permission has been edited from 'ADMIN' to 'xx'.
2023-07-27 13:44:38,174 - INFO USER ID: 'Dummy9's permission has been edited from 'USER' to 'ADMIN'.
2023-07-27 13:44:52,256 - INFO USER ID: 'Dummy8's permission has been edited from 'ADMIN' to 's'.
2023-07-27 13:44:52,256 - INFO USER ID: 'Dummy8's name has been edited from 'asdf' to 'zvcx'.
2023-07-27 13:44:52,256 - INFO USER ID: 'Dummy9's gender has been edited from 'FEMALE' to 'MALE'.
2023-07-27 13:51:28,237 - INFO USER ID: 'aaaa's name has been edited from 'rqew' to 'asdfwqer'.
2023-07-27 13:51:32,877 - INFO USER ID: 'aaaa's password has been edited.
2023-07-27 13:55:03,986 - INFO USER ID: 'aaaa's password has been edited.
2023-07-27 13:55:08,412 - INFO USER ID: 'aaaa's permission has been edited from 'ADMIN' to 'f'.
2023-07-27 13:55:46,816 - INFO USER ID: 'aaaa's permission has been edited from 'ADMIN' to 'x'.
2023-07-27 13:57:57,982 - INFO USER ID: 'aaaa's permission has been edited from 'ADMIN' to 'User'.
2023-07-27 13:59:54,623 - INFO USER ID: 'aaaa's permission has been edited from 'ADMIN' to 'f'.
2023-07-27 13:59:58,777 - INFO USER ID: 'aaaa's gender has been edited from 'FEMALE' to 'd'.
2023-07-27 14:00:02,789 - INFO USER ID: 'aaaa's permission has been edited from 'ADMIN' to 's'.
2023-07-27 14:00:02,789 - INFO USER ID: 'aaaa's gender has been edited from 'FEMALE' to 's'.
2023-07-27 14:00:05,933 - INFO USER ID: 'aaaa's password has been edited.
2023-07-27 14:06:00,919 - INFO USER ID: 'aaaa's password has been edited.
2023-07-27 14:06:00,920 - INFO USER ID: 'aaaa's gender has been edited from 'FEMALE' to 'd'.
2023-07-27 14:53:21,524 - INFO User with ID: 'bbbb' has been added.
2023-07-27 14:53:47,076 - INFO USER ID: 'bbbb's password has been edited.
2023-07-27 14:56:59,595 - INFO User with ID: 'aaaa' has been deleted!
2023-07-27 14:56:59,652 - INFO User with ID: 'aaav' has been deleted!
2023-07-27 14:56:59,849 - INFO User with ID: 'ADMIN' has been deleted!
2023-07-27 14:56:59,915 - INFO User with ID: 'bbbb' has been deleted!
2023-07-27 14:56:59,980 - INFO User with ID: 'DDummy' has been deleted!
2023-07-27 14:57:00,044 - INFO User with ID: 'Dummy0' has been deleted!
2023-07-27 14:57:00,113 - INFO User with ID: 'Dummy4' has been deleted!
2023-07-27 14:57:00,174 - INFO User with ID: 'Dummy5' has been deleted!
2023-07-27 14:57:00,302 - INFO User with ID: 'Dummy7' has been deleted!
2023-07-27 14:57:00,378 - INFO User with ID: 'Dummy8' has been deleted!
2023-07-27 14:57:00,445 - INFO User with ID: 'Dummy9' has been deleted!
2023-07-27 14:57:53,246 - INFO the very first user is added, which userid: "ADMIN" and password: "Point1"
2023-07-27 14:59:30,471 - INFO USER ID: 'ADMIN's password has been edited.
2023-07-27 14:59:30,471 - INFO USER ID: 'ADMIN's name has been edited from 'name' to 'fff'.
2023-07-27 14:59:47,514 - INFO USER ID: 'ADMIN's password has been edited.
2023-07-27 14:59:47,514 - INFO USER ID: 'ADMIN's name has been edited from 'name' to 'namedayo'.
2023-07-27 14:59:47,514 - INFO USER ID: 'ADMIN's gender has been edited from 'OTHERS' to 'xx'.
2023-07-27 15:03:00,769 - INFO USER ID: 'ADMIN's name has been edited from 'name' to 'NameDayo'.
2023-07-27 15:03:00,769 - INFO USER ID: 'ADMIN's gender has been edited from 'OTHERS' to 'FEMALE'.
2023-07-27 15:10:45,202 - INFO USER ID: 'ADMIN's gender has been edited from 'FEMALE' to 'xx'.
2023-07-27 15:10:49,257 - INFO USER ID: 'ADMIN's gender has been edited from 'FEMALE' to 'xx'.
2023-07-27 15:15:11,952 - INFO User with ID: 'aaaa' has been added.
2023-07-27 15:15:19,003 - INFO USER ID: 'aaaa's password has been edited.
2023-07-27 15:16:02,107 - INFO User with ID: 'Dummy1' has been added.
2023-07-27 15:16:05,527 - INFO User with ID: 'Dummy2' has been added.
2023-07-27 15:16:06,905 - INFO User with ID: 'Dummy3' has been added.
2023-07-27 15:16:08,071 - INFO User with ID: 'Dummy4' has been added.
2023-07-27 15:16:09,230 - INFO User with ID: 'Dummy5' has been added.
2023-07-27 15:16:10,400 - INFO User with ID: 'Dummy6' has been added.
2023-07-27 15:16:12,306 - INFO User with ID: 'Dummy7' has been added.
2023-07-27 15:16:13,167 - INFO User with ID: 'Dummy8' has been added.
2023-07-27 15:16:14,070 - INFO User with ID: 'Dummy9' has been added.
2023-07-27 15:16:14,981 - INFO User with ID: 'Dummy0' has been added.
2023-07-27 15:16:20,136 - INFO User with ID: 'Dummy10' has been added.
2023-07-27 15:16:21,828 - INFO User with ID: 'Dummy11' has been added.
2023-07-27 15:16:23,017 - INFO User with ID: 'Dummy12' has been added.
2023-07-27 15:16:24,065 - INFO User with ID: 'Dummy13' has been added.
2023-07-27 15:16:25,059 - INFO User with ID: 'Dummy14' has been added.
2023-07-27 15:16:26,060 - INFO User with ID: 'Dummy15' has been added.
2023-07-27 15:16:26,953 - INFO User with ID: 'Dummy16' has been added.
2023-07-27 15:16:28,115 - INFO User with ID: 'Dummy17' has been added.
2023-07-27 15:16:29,395 - INFO User with ID: 'Dummy18' has been added.
2023-07-27 15:16:30,477 - INFO User with ID: 'Dummy19' has been added.
2023-07-27 15:16:34,872 - INFO User with ID: 'Dummy20' has been added.
2023-07-27 15:16:37,725 - INFO User with ID: 'Dummy21' has been added.
2023-07-27 15:16:38,938 - INFO User with ID: 'Dummy22' has been added.
2023-07-27 15:16:40,011 - INFO User with ID: 'Dummy23' has been added.
2023-07-27 15:16:40,941 - INFO User with ID: 'Dummy24' has been added.
2023-07-27 15:16:42,103 - INFO User with ID: 'Dummy25' has been added.
2023-07-27 15:16:43,255 - INFO User with ID: 'Dummy26' has been added.
2023-07-27 15:16:44,460 - INFO User with ID: 'Dummy27' has been added.
2023-07-27 15:16:45,651 - INFO User with ID: 'Dummy28' has been added.
2023-07-27 15:16:46,719 - INFO User with ID: 'Dummy29' has been added.
2023-07-27 15:17:10,164 - INFO User with ID: 'Dummy29' has been deleted!
2023-07-27 15:19:41,561 - INFO User with ID: 'Dummy28' has been deleted!
2023-07-27 15:20:44,778 - INFO User with ID: 'Dummy2' has been deleted!
2023-07-27 15:20:44,840 - INFO User with ID: 'Dummy24' has been deleted!
2023-07-27 15:25:55,684 - INFO USER ID: 'aaaa's password has been edited.
2023-07-27 15:29:55,116 - INFO User with ID: 'Dummy0' has been deleted!
