2023-07-20 17:38:40,530 - INFO the plate: '2' has been assigned to user with userID: 1
2023-07-20 17:52:35,463 - INFO the plate: '3' has been deassigned.
2023-07-20 17:52:44,033 - INFO the plate: '10' has been added
2023-07-20 17:52:54,784 - INFO the plate: '10' has been removed.
2023-07-26 09:31:34,880 - INFO the plate: '2' has been deassigned.
2023-07-26 09:31:34,914 - INFO the plate: '4' has been deassigned.
2023-07-26 09:58:29,950 - INFO the plate: '6' has been deassigned.
2023-07-26 09:58:29,978 - INFO the plate: '7' has been deassigned.
2023-07-26 09:58:30,007 - INFO the plate: '11' has been deassigned.
2023-07-26 09:59:59,408 - INFO the plate: '4' has been assigned to user with userID: Dummy2
2023-07-26 09:59:59,466 - INFO the plate: '5' has been assigned to user with userID: Dummy2
2023-07-26 09:59:59,529 - INFO the plate: '6' has been assigned to user with userID: Dummy2
2023-07-26 09:59:59,594 - INFO the plate: '7' has been assigned to user with userID: Dummy2
2023-07-26 09:59:59,659 - INFO the plate: '8' has been assigned to user with userID: Dummy2
2023-07-26 10:00:11,812 - INFO the plate: '4' has been deassigned.
2023-07-26 10:00:11,844 - INFO the plate: '5' has been deassigned.
2023-07-26 10:00:11,876 - INFO the plate: '6' has been deassigned.
2023-07-26 10:00:11,906 - INFO the plate: '7' has been deassigned.
2023-07-26 10:00:11,939 - INFO the plate: '8' has been deassigned.
2023-07-26 10:27:57,868 - INFO the plate: '8' has been assigned to user with userID: Dummy1
2023-07-26 10:27:57,922 - INFO the plate: '9' has been assigned to user with userID: Dummy1
2023-07-26 10:28:55,916 - INFO the plate: '8' has been deassigned.
2023-07-26 10:28:55,941 - INFO the plate: '9' has been deassigned.
2023-07-26 10:29:27,718 - INFO the plate: '10' has been removed.
2023-07-26 10:29:27,747 - INFO the plate: '11' has been removed.
2023-07-26 16:18:07,566 - INFO the plate: '5' has been assigned to user with userID: Dummy1
2023-07-26 16:18:07,626 - INFO the plate: '6' has been assigned to user with userID: Dummy1
2023-07-26 16:18:07,682 - INFO the plate: '7' has been assigned to user with userID: Dummy1
2023-07-26 16:19:36,891 - INFO the plate: '5' has been deassigned.
2023-07-26 16:19:36,921 - INFO the plate: '6' has been deassigned.
2023-07-26 16:20:00,841 - INFO the plate: '4' has been assigned to user with userID: ADMIN
2023-07-26 16:20:00,902 - INFO the plate: '5' has been assigned to user with userID: ADMIN
2023-07-26 16:20:00,964 - INFO the plate: '6' has been assigned to user with userID: ADMIN
2023-07-26 16:20:01,031 - INFO the plate: '8' has been assigned to user with userID: ADMIN
2023-07-26 16:20:01,094 - INFO the plate: '9' has been assigned to user with userID: ADMIN
2023-07-26 16:22:36,426 - INFO the plate: '5' has been deassigned.
2023-07-26 16:22:36,460 - INFO the plate: '6' has been deassigned.
2023-07-26 16:22:36,492 - INFO the plate: '7' has been deassigned.
2023-07-26 16:22:36,525 - INFO the plate: '8' has been deassigned.
2023-07-26 17:12:23,821 - INFO the plate: '5' has been assigned to user with userID: Dummy6
2023-07-26 17:12:23,913 - INFO the plate: '6' has been assigned to user with userID: Dummy6
2023-07-26 17:12:24,006 - INFO the plate: '7' has been assigned to user with userID: Dummy6
2023-07-26 17:12:33,982 - INFO the plate: '5' has been deassigned.
2023-07-26 17:12:34,016 - INFO the plate: '6' has been deassigned.
2023-07-26 17:12:34,052 - INFO the plate: '7' has been deassigned.
2023-07-27 12:32:24,801 - INFO the plate: '6' has been assigned to user with userID: Dummy7
2023-07-27 12:32:24,880 - INFO the plate: '7' has been assigned to user with userID: Dummy7
2023-07-27 13:07:00,422 - INFO the plate: '7' has been deassigned.
2023-07-27 14:56:59,716 - INFO the plate: '4' has been deassigned.
2023-07-27 14:56:59,781 - INFO the plate: '9' has been deassigned.
2023-07-27 14:57:00,235 - INFO the plate: '6' has been deassigned.
2023-07-27 15:27:57,886 - INFO the plate: '5' has been assigned to user with userID: 'aaaa'
2023-07-27 15:27:57,975 - INFO the plate: '6' has been assigned to user with userID: 'aaaa'
2023-07-27 15:27:58,072 - INFO the plate: '7' has been assigned to user with userID: 'aaaa'
2023-07-27 15:27:58,180 - INFO the plate: '8' has been assigned to user with userID: 'aaaa'
2023-07-27 15:28:42,898 - INFO the plate: '7' has been deassigned.
2023-07-27 15:28:43,000 - INFO the plate: '8' has been deassigned.
2023-07-27 15:29:04,172 - INFO the plate: '10' has been added
2023-07-27 15:29:05,577 - INFO the plate: '11' has been added
2023-07-27 15:29:06,270 - INFO the plate: '12' has been added
2023-07-27 15:29:06,925 - INFO the plate: '13' has been added
2023-07-27 15:29:19,495 - INFO the plate: '12' has been removed.
2023-07-27 15:29:19,526 - INFO the plate: '13' has been removed.
2023-07-27 15:29:47,994 - INFO the plate: '8' has been assigned to user with userID: 'Dummy0'
2023-07-27 15:29:48,084 - INFO the plate: '9' has been assigned to user with userID: 'Dummy0'
2023-07-27 15:29:48,175 - INFO the plate: '10' has been assigned to user with userID: 'Dummy0'
2023-07-27 15:29:48,261 - INFO the plate: '11' has been assigned to user with userID: 'Dummy0'
2023-07-27 15:29:54,851 - INFO the plate: '8' has been deassigned.
2023-07-27 15:29:54,909 - INFO the plate: '9' has been deassigned.
2023-07-27 15:29:54,976 - INFO the plate: '10' has been deassigned.
2023-07-27 15:29:55,044 - INFO the plate: '11' has been deassigned.
